On branch DRILL-4834
Your branch is up-to-date with 'origin/DRILL-4834'.
All conflicts fixed but you are still merging.
  (use "git commit" to conclude merge)

Changes to be committed:

	modified:   ../../../../../../../../../../../KEYS
	modified:   ../../../../../../../../../../../common/pom.xml
	modified:   ../../../../../../../../../../../common/src/main/java/org/apache/drill/common/config/DrillConfig.java
	modified:   ../../../../../../../../../../../common/src/main/java/org/apache/drill/common/exceptions/UserException.java
	modified:   ../../../../../../../../../../../common/src/main/java/org/apache/drill/common/scanner/RunTimeScan.java
	modified:   ../../../../../../../../../../../common/src/main/java/org/apache/drill/common/types/Types.java
	modified:   ../../../../../../../../../../../common/src/main/java/org/apache/drill/common/util/DrillStringUtils.java
	deleted:    ../../../../../../../../../../../common/src/main/java/org/apache/drill/common/util/DrillVersionInfo.java
	modified:   ../../../../../../../../../../../contrib/data/pom.xml
	modified:   ../../../../../../../../../../../contrib/data/tpch-sample-data/pom.xml
	new file:   ../../../../../../../../../../../contrib/format-maprdb/README.md
	new file:   ../../../../../../../../../../../contrib/format-maprdb/pom.xml
	new file:   ../../../../../../../../../../../contrib/format-maprdb/src/main/java/org/apache/drill/exec/store/mapr/TableFormatMatcher.java
	new file:   ../../../../../../../../../../../contrib/format-maprdb/src/main/java/org/apache/drill/exec/store/mapr/TableFormatPlugin.java
	new file:   ../../../../../../../../../../../contrib/format-maprdb/src/main/java/org/apache/drill/exec/store/mapr/TableFormatPluginConfig.java
	new file:   ../../../../../../../../../../../contrib/format-maprdb/src/main/java/org/apache/drill/exec/store/mapr/db/MapRDBFormatMatcher.java
	new file:   ../../../../../../../../../../../contrib/format-maprdb/src/main/java/org/apache/drill/exec/store/mapr/db/MapRDBFormatPlugin.java
	new file:   ../../../../../../../../../../../contrib/format-maprdb/src/main/java/org/apache/drill/exec/store/mapr/db/MapRDBFormatPluginConfig.java
	new file:   ../../../../../../../../../../../contrib/format-maprdb/src/main/java/org/apache/drill/exec/store/mapr/db/MapRDBGroupScan.java
	new file:   ../../../../../../../../../../../contrib/format-maprdb/src/main/java/org/apache/drill/exec/store/mapr/db/MapRDBPushFilterIntoScan.java
	new file:   ../../../../../../../../../../../contrib/format-maprdb/src/main/java/org/apache/drill/exec/store/mapr/db/MapRDBScanBatchCreator.java
	new file:   ../../../../../../../../../../../contrib/format-maprdb/src/main/java/org/apache/drill/exec/store/mapr/db/MapRDBSubScan.java
	new file:   ../../../../../../../../../../../contrib/format-maprdb/src/main/java/org/apache/drill/exec/store/mapr/db/MapRDBSubScanSpec.java
	new file:   ../../../../../../../../../../../contrib/format-maprdb/src/main/java/org/apache/drill/exec/store/mapr/db/MapRDBTableStats.java
	new file:   ../../../../../../../../../../../contrib/format-maprdb/src/main/java/org/apache/drill/exec/store/mapr/db/TabletFragmentInfo.java
	new file:   ../../../../../../../../../../../contrib/format-maprdb/src/main/java/org/apache/drill/exec/store/mapr/db/binary/BinaryTableGroupScan.java
	new file:   ../../../../../../../../../../../contrib/format-maprdb/src/main/java/org/apache/drill/exec/store/mapr/db/binary/CompareFunctionsProcessor.java
	new file:   ../../../../../../../../../../../contrib/format-maprdb/src/main/java/org/apache/drill/exec/store/mapr/db/binary/MapRDBFilterBuilder.java
	new file:   ../../../../../../../../../../../contrib/format-maprdb/src/main/java/org/apache/drill/exec/store/mapr/db/json/CompareFunctionsProcessor.java
	new file:   ../../../../../../../../../../../contrib/format-maprdb/src/main/java/org/apache/drill/exec/store/mapr/db/json/JsonConditionBuilder.java
	new file:   ../../../../../../../../../../../contrib/format-maprdb/src/main/java/org/apache/drill/exec/store/mapr/db/json/JsonScanSpec.java
	new file:   ../../../../../../../../../../../contrib/format-maprdb/src/main/java/org/apache/drill/exec/store/mapr/db/json/JsonSubScanSpec.java
	new file:   ../../../../../../../../../../../contrib/format-maprdb/src/main/java/org/apache/drill/exec/store/mapr/db/json/JsonTableGroupScan.java
	new file:   ../../../../../../../../../../../contrib/format-maprdb/src/main/java/org/apache/drill/exec/store/mapr/db/json/MaprDBJsonRecordReader.java
	new file:   ../../../../../../../../../../../contrib/format-maprdb/src/main/java/org/apache/drill/exec/store/mapr/db/util/CommonFns.java
	new file:   ../../../../../../../../../../../contrib/format-maprdb/src/main/java/org/apache/drill/exec/store/mapr/streams/StreamsFormatMatcher.java
	new file:   ../../../../../../../../../../../contrib/format-maprdb/src/main/java/org/apache/drill/exec/store/mapr/streams/StreamsFormatPlugin.java
	new file:   ../../../../../../../../../../../contrib/format-maprdb/src/main/java/org/apache/drill/exec/store/mapr/streams/StreamsFormatPluginConfig.java
	new file:   ../../../../../../../../../../../contrib/format-maprdb/src/main/resources/checkstyle-config.xml
	new file:   ../../../../../../../../../../../contrib/format-maprdb/src/main/resources/checkstyle-suppressions.xml
	new file:   ../../../../../../../../../../../contrib/format-maprdb/src/main/resources/drill-module.conf
	new file:   ../../../../../../../../../../../contrib/format-maprdb/src/test/java/com/mapr/drill/maprdb/tests/MaprDBTestsSuite.java
	new file:   ../../../../../../../../../../../contrib/format-maprdb/src/test/java/com/mapr/drill/maprdb/tests/binary/TestMapRDBCFAsJSONString.java
	new file:   ../../../../../../../../../../../contrib/format-maprdb/src/test/java/com/mapr/drill/maprdb/tests/binary/TestMapRDBFilterPushDown.java
	new file:   ../../../../../../../../../../../contrib/format-maprdb/src/test/java/com/mapr/drill/maprdb/tests/binary/TestMapRDBProjectPushDown.java
	new file:   ../../../../../../../../../../../contrib/format-maprdb/src/test/java/com/mapr/drill/maprdb/tests/binary/TestMapRDBQueries.java
	new file:   ../../../../../../../../../../../contrib/format-maprdb/src/test/java/com/mapr/drill/maprdb/tests/binary/TestMapRDBSimple.java
	new file:   ../../../../../../../../../../../contrib/format-maprdb/src/test/java/com/mapr/drill/maprdb/tests/json/BaseJsonTest.java
	new file:   ../../../../../../../../../../../contrib/format-maprdb/src/test/java/com/mapr/drill/maprdb/tests/json/TestSimpleJson.java
	new file:   ../../../../../../../../../../../contrib/format-maprdb/src/test/resources/hbase-site.xml
	new file:   ../../../../../../../../../../../contrib/format-maprdb/src/test/resources/json/business.json
	new file:   ../../../../../../../../../../../contrib/format-maprdb/src/test/resources/logback.xml
	modified:   ../../../../../../../../../../../contrib/gis/pom.xml
	modified:   ../../../../../../../../../../../contrib/native/client/CMakeLists.txt
	new file:   ../../../../../../../../../../../contrib/native/client/cmakeModules/FindCppUnit.cmake
	modified:   ../../../../../../../../../../../contrib/native/client/cmakeModules/FindZookeeper.cmake
	modified:   ../../../../../../../../../../../contrib/native/client/example/querySubmitter.cpp
	new file:   ../../../../../../../../../../../contrib/native/client/readme.boost
	modified:   ../../../../../../../../../../../contrib/native/client/readme.linux
	new file:   ../../../../../../../../../../../contrib/native/client/readme.macos
	modified:   ../../../../../../../../../../../contrib/native/client/readme.win.txt
	modified:   ../../../../../../../../../../../contrib/native/client/scripts/fixProtodefs.sh
	modified:   ../../../../../../../../../../../contrib/native/client/src/clientlib/CMakeLists.txt
	new file:   ../../../../../../../../../../../contrib/native/client/src/clientlib/collectionsImpl.hpp
	modified:   ../../../../../../../../../../../contrib/native/client/src/clientlib/drillClient.cpp
	modified:   ../../../../../../../../../../../contrib/native/client/src/clientlib/drillClientImpl.cpp
	modified:   ../../../../../../../../../../../contrib/native/client/src/clientlib/drillClientImpl.hpp
	modified:   ../../../../../../../../../../../contrib/native/client/src/clientlib/env.h.in
	modified:   ../../../../../../../../../../../contrib/native/client/src/clientlib/errmsgs.cpp
	new file:   ../../../../../../../../../../../contrib/native/client/src/clientlib/fieldmeta.cpp
	new file:   ../../../../../../../../../../../contrib/native/client/src/clientlib/metadata.cpp
	new file:   ../../../../../../../../../../../contrib/native/client/src/clientlib/metadata.hpp
	modified:   ../../../../../../../../../../../contrib/native/client/src/clientlib/recordBatch.cpp
	deleted:    ../../../../../../../../../../../contrib/native/client/src/clientlib/rpcDecoder.cpp
	deleted:    ../../../../../../../../../../../contrib/native/client/src/clientlib/rpcEncoder.cpp
	deleted:    ../../../../../../../../../../../contrib/native/client/src/clientlib/rpcEncoder.hpp
	new file:   ../../../../../../../../../../../contrib/native/client/src/clientlib/rpcMessage.cpp
	modified:   ../../../../../../../../../../../contrib/native/client/src/clientlib/rpcMessage.hpp
	modified:   ../../../../../../../../../../../contrib/native/client/src/clientlib/utils.cpp
	modified:   ../../../../../../../../../../../contrib/native/client/src/clientlib/utils.hpp
	modified:   ../../../../../../../../../../../contrib/native/client/src/clientlib/y2038/time64.c
	new file:   ../../../../../../../../../../../contrib/native/client/src/clientlib/zookeeperClient.cpp
	new file:   ../../../../../../../../../../../contrib/native/client/src/clientlib/zookeeperClient.hpp
	new file:   ../../../../../../../../../../../contrib/native/client/src/include/drill/collections.hpp
	modified:   ../../../../../../../../../../../contrib/native/client/src/include/drill/common.hpp
	modified:   ../../../../../../../../../../../contrib/native/client/src/include/drill/drillClient.hpp
	modified:   ../../../../../../../../../../../contrib/native/client/src/include/drill/drillc.hpp
	new file:   ../../../../../../../../../../../contrib/native/client/src/include/drill/fieldmeta.hpp
	renamed:    ../../../../../../../../../../../contrib/native/client/src/clientlib/rpcDecoder.hpp -> ../../../../../../../../../../../contrib/native/client/src/include/drill/preparedStatement.hpp
	modified:   ../../../../../../../../../../../contrib/native/client/src/include/drill/recordBatch.hpp
	modified:   ../../../../../../../../../../../contrib/native/client/src/protobuf/CMakeLists.txt
	modified:   ../../../../../../../../../../../contrib/native/client/src/protobuf/ExecutionProtos.pb.cc
	modified:   ../../../../../../../../../../../contrib/native/client/src/protobuf/ExecutionProtos.pb.h
	modified:   ../../../../../../../../../../../contrib/native/client/src/protobuf/User.pb.cc
	modified:   ../../../../../../../../../../../contrib/native/client/src/protobuf/User.pb.h
	modified:   ../../../../../../../../../../../contrib/native/client/src/protobuf/UserBitShared.pb.cc
	modified:   ../../../../../../../../../../../contrib/native/client/src/protobuf/UserBitShared.pb.h
	new file:   ../../../../../../../../../../../contrib/native/client/src/test/CMakeLists.txt
	new file:   ../../../../../../../../../../../contrib/native/client/src/test/CollectionsTest.cpp
	new file:   ../../../../../../../../../../../contrib/native/client/src/test/UtilsTest.cpp
	new file:   ../../../../../../../../../../../contrib/native/client/src/test/main.cpp
	modified:   ../../../../../../../../../../../contrib/pom.xml
	modified:   ../../../../../../../../../../../contrib/sqlline/pom.xml
	modified:   ../../../../../../../../../../../contrib/storage-hbase/pom.xml
	modified:   ../../../../../../../../../../../contrib/storage-hbase/src/test/java/org/apache/drill/hbase/BaseHBaseTest.java
	modified:   ../../../../../../../../../../../contrib/storage-hive/core/pom.xml
	modified:   ../../../../../../../../../../../contrib/storage-hive/core/src/main/codegen/config.fmpp
	new file:   ../../../../../../../../../../../contrib/storage-hive/core/src/main/codegen/data/HiveFormats.tdd
	new file:   ../../../../../../../../../../../contrib/storage-hive/core/src/main/codegen/templates/HiveRecordReaders.java
	modified:   ../../../../../../../../../../../contrib/storage-hive/core/src/main/codegen/templates/ObjectInspectorHelper.java
	modified:   ../../../../../../../../../../../contrib/storage-hive/core/src/main/java/org/apache/drill/exec/expr/fn/HiveFunctionRegistry.java
	modified:   ../../../../../../../../../../../contrib/storage-hive/core/src/main/java/org/apache/drill/exec/planner/sql/HivePartitionDescriptor.java
	modified:   ../../../../../../../../../../../contrib/storage-hive/core/src/main/java/org/apache/drill/exec/planner/sql/logical/ConvertHiveParquetScanToDrillParquetScan.java
	new file:   ../../../../../../../../../../../contrib/storage-hive/core/src/main/java/org/apache/drill/exec/store/hive/ColumnListsCache.java
	modified:   ../../../../../../../../../../../contrib/storage-hive/core/src/main/java/org/apache/drill/exec/store/hive/DrillHiveMetaStoreClient.java
	renamed:    ../../../../../../../../../../../contrib/storage-hive/core/src/main/java/org/apache/drill/exec/store/hive/HiveRecordReader.java -> ../../../../../../../../../../../contrib/storage-hive/core/src/main/java/org/apache/drill/exec/store/hive/HiveAbstractReader.java
	modified:   ../../../../../../../../../../../contrib/storage-hive/core/src/main/java/org/apache/drill/exec/store/hive/HiveDrillNativeParquetScan.java
	modified:   ../../../../../../../../../../../contrib/storage-hive/core/src/main/java/org/apache/drill/exec/store/hive/HiveDrillNativeScanBatchCreator.java
	modified:   ../../../../../../../../../../../contrib/storage-hive/core/src/main/java/org/apache/drill/exec/store/hive/HiveMetadataProvider.java
	new file:   ../../../../../../../../../../../contrib/storage-hive/core/src/main/java/org/apache/drill/exec/store/hive/HivePartition.java
	modified:   ../../../../../../../../../../../contrib/storage-hive/core/src/main/java/org/apache/drill/exec/store/hive/HiveReadEntry.java
	modified:   ../../../../../../../../../../../contrib/storage-hive/core/src/main/java/org/apache/drill/exec/store/hive/HiveScan.java
	modified:   ../../../../../../../../../../../contrib/storage-hive/core/src/main/java/org/apache/drill/exec/store/hive/HiveScanBatchCreator.java
	modified:   ../../../../../../../../../../../contrib/storage-hive/core/src/main/java/org/apache/drill/exec/store/hive/HiveStoragePlugin.java
	modified:   ../../../../../../../../../../../contrib/storage-hive/core/src/main/java/org/apache/drill/exec/store/hive/HiveSubScan.java
	new file:   ../../../../../../../../../../../contrib/storage-hive/core/src/main/java/org/apache/drill/exec/store/hive/HiveTableWithColumnCache.java
	renamed:    ../../../../../../../../../../../contrib/storage-hive/core/src/main/java/org/apache/drill/exec/store/hive/HiveTable.java -> ../../../../../../../../../../../contrib/storage-hive/core/src/main/java/org/apache/drill/exec/store/hive/HiveTableWrapper.java
	modified:   ../../../../../../../../../../../contrib/storage-hive/core/src/main/java/org/apache/drill/exec/store/hive/HiveUtilities.java
	modified:   ../../../../../../../../../../../contrib/storage-hive/core/src/main/java/org/apache/drill/exec/store/hive/schema/DrillHiveTable.java
	modified:   ../../../../../../../../../../../contrib/storage-hive/core/src/main/java/org/apache/drill/exec/store/hive/schema/HiveDatabaseSchema.java
	modified:   ../../../../../../../../../../../contrib/storage-hive/core/src/test/java/org/apache/drill/exec/TestHivePartitionPruning.java
	modified:   ../../../../../../../../../../../contrib/storage-hive/core/src/test/java/org/apache/drill/exec/fn/hive/TestInbuiltHiveUDFs.java
	modified:   ../../../../../../../../../../../contrib/storage-hive/core/src/test/java/org/apache/drill/exec/hive/TestInfoSchemaOnHiveStorage.java
	modified:   ../../../../../../../../../../../contrib/storage-hive/core/src/test/java/org/apache/drill/exec/store/hive/HiveTestDataGenerator.java
	new file:   ../../../../../../../../../../../contrib/storage-hive/core/src/test/java/org/apache/drill/exec/store/hive/schema/TestColumnListCache.java
	modified:   ../../../../../../../../../../../contrib/storage-hive/hive-exec-shade/pom.xml
	modified:   ../../../../../../../../../../../contrib/storage-hive/pom.xml
	modified:   ../../../../../../../../../../../contrib/storage-jdbc/pom.xml
	modified:   ../../../../../../../../../../../contrib/storage-kudu/pom.xml
	modified:   ../../../../../../../../../../../contrib/storage-mongo/pom.xml
	modified:   ../../../../../../../../../../../distribution/pom.xml
	modified:   ../../../../../../../../../../../distribution/src/assemble/bin.xml
	modified:   ../../../../../../../../../../../distribution/src/resources/drill-conf
	modified:   ../../../../../../../../../../../distribution/src/resources/drill-config.sh
	modified:   ../../../../../../../../../../../distribution/src/resources/drill-embedded
	modified:   ../../../../../../../../../../../distribution/src/resources/drill-env.sh
	modified:   ../../../../../../../../../../../distribution/src/resources/drill-localhost
	modified:   ../../../../../../../../../../../distribution/src/resources/drill-override-example.conf
	modified:   ../../../../../../../../../../../distribution/src/resources/drillbit.sh
	modified:   ../../../../../../../../../../../distribution/src/resources/dumpcat
	modified:   ../../../../../../../../../../../distribution/src/resources/sqlline.bat
	modified:   ../../../../../../../../../../../distribution/src/resources/submit_plan
	modified:   ../../../../../../../../../pom.xml
	modified:   ../../../../../../../codegen/data/Parser.tdd
	modified:   ../../../../../../../codegen/includes/parserImpls.ftl
	modified:   ../../../../../../../codegen/templates/AbstractRecordWriter.java
	modified:   ../../../../../../../codegen/templates/AggrBitwiseLogicalTypeFunctions.java
	modified:   ../../../../../../../codegen/templates/AggrTypeFunctions1.java
	modified:   ../../../../../../../codegen/templates/AggrTypeFunctions2.java
	modified:   ../../../../../../../codegen/templates/AggrTypeFunctions3.java
	modified:   ../../../../../../../codegen/templates/CastDateDate.java
	modified:   ../../../../../../../codegen/templates/CastDateVarChar.java
	modified:   ../../../../../../../codegen/templates/CastFunctions.java
	modified:   ../../../../../../../codegen/templates/CastFunctionsSrcVarLen.java
	modified:   ../../../../../../../codegen/templates/CastFunctionsSrcVarLenTargetVarLen.java
	modified:   ../../../../../../../codegen/templates/CastFunctionsTargetVarLen.java
	modified:   ../../../../../../../codegen/templates/CastHigh.java
	modified:   ../../../../../../../codegen/templates/CastIntervalInterval.java
	modified:   ../../../../../../../codegen/templates/CastIntervalVarChar.java
	modified:   ../../../../../../../codegen/templates/CastVarCharDate.java
	modified:   ../../../../../../../codegen/templates/CastVarCharInterval.java
	modified:   ../../../../../../../codegen/templates/ComparisonFunctions.java
	modified:   ../../../../../../../codegen/templates/ConvertToNullableHolder.java
	modified:   ../../../../../../../codegen/templates/CorrelationTypeFunctions.java
	modified:   ../../../../../../../codegen/templates/CountAggregateFunctions.java
	modified:   ../../../../../../../codegen/templates/CovarTypeFunctions.java
	modified:   ../../../../../../../codegen/templates/DateIntervalAggrFunctions1.java
	modified:   ../../../../../../../codegen/templates/DateIntervalFunctionTemplates/DateDateArithmeticFunctions.java
	modified:   ../../../../../../../codegen/templates/DateIntervalFunctionTemplates/DateIntervalArithmeticFunctions.java
	modified:   ../../../../../../../codegen/templates/DateIntervalFunctionTemplates/DateToCharFunctions.java
	modified:   ../../../../../../../codegen/templates/DateIntervalFunctionTemplates/DateTruncFunctions.java
	modified:   ../../../../../../../codegen/templates/DateIntervalFunctionTemplates/Extract.java
	modified:   ../../../../../../../codegen/templates/DateIntervalFunctionTemplates/IntervalIntervalArithmetic.java
	modified:   ../../../../../../../codegen/templates/DateIntervalFunctionTemplates/IntervalNumericArithmetic.java
	new file:   ../../../../../../../codegen/templates/DateIntervalFunctionTemplates/SqlToDateTypeFunctions.java
	modified:   ../../../../../../../codegen/templates/DateIntervalFunctionTemplates/ToDateTypeFunctions.java
	modified:   ../../../../../../../codegen/templates/DateIntervalFunctionTemplates/ToTimeStampFunction.java
	modified:   ../../../../../../../codegen/templates/Decimal/CastDecimalDenseDecimalSparse.java
	modified:   ../../../../../../../codegen/templates/Decimal/CastDecimalFloat.java
	modified:   ../../../../../../../codegen/templates/Decimal/CastDecimalInt.java
	modified:   ../../../../../../../codegen/templates/Decimal/CastDecimalSimilar.java
	modified:   ../../../../../../../codegen/templates/Decimal/CastDecimalSparseDecimalDense.java
	modified:   ../../../../../../../codegen/templates/Decimal/CastDecimalVarchar.java
	modified:   ../../../../../../../codegen/templates/Decimal/CastDownwardDecimal.java
	modified:   ../../../../../../../codegen/templates/Decimal/CastFloatDecimal.java
	modified:   ../../../../../../../codegen/templates/Decimal/CastIntDecimal.java
	modified:   ../../../../../../../codegen/templates/Decimal/CastSrcDecimalSimple.java
	modified:   ../../../../../../../codegen/templates/Decimal/CastVarCharDecimal.java
	modified:   ../../../../../../../codegen/templates/Decimal/DecimalAggrTypeFunctions1.java
	modified:   ../../../../../../../codegen/templates/Decimal/DecimalAggrTypeFunctions2.java
	modified:   ../../../../../../../codegen/templates/Decimal/DecimalFunctions.java
	modified:   ../../../../../../../codegen/templates/DirectoryExplorers.java
	new file:   ../../../../../../../codegen/templates/DrillVersionInfo.java
	modified:   ../../../../../../../codegen/templates/EventBasedRecordWriter.java
	modified:   ../../../../../../../codegen/templates/IntervalAggrFunctions2.java
	modified:   ../../../../../../../codegen/templates/MathFunctionTemplates.java
	modified:   ../../../../../../../codegen/templates/MathFunctions.java
	modified:   ../../../../../../../codegen/templates/NewValueFunctions.java
	modified:   ../../../../../../../codegen/templates/NullOperator.java
	modified:   ../../../../../../../codegen/templates/NumericFunctionsTemplates.java
	modified:   ../../../../../../../codegen/templates/NumericToCharFunctions.java
	modified:   ../../../../../../../codegen/templates/ParquetOutputRecordWriter.java
	modified:   ../../../../../../../codegen/templates/ParquetTypeHelper.java
	modified:   ../../../../../../../codegen/templates/RecordValueAccessor.java
	modified:   ../../../../../../../codegen/templates/RecordWriter.java
	modified:   ../../../../../../../codegen/templates/SqlAccessors.java
	modified:   ../../../../../../../codegen/templates/SumZeroAggr.java
	modified:   ../../../../../../../codegen/templates/TypeHelper.java
	modified:   ../../../../../../../codegen/templates/VarCharAggrFunctions1.java
	modified:   ../../ExecConstants.java
	modified:   ../../client/DrillClient.java
	modified:   ../../compile/AbstractClassCompiler.java
	new file:   ../../compile/CachedClassLoader.java
	new file:   ../../compile/ClassBuilder.java
	new file:   ../../compile/ClassCompilerSelector.java
	modified:   ../../compile/ClassTransformer.java
	modified:   ../../compile/CodeCompiler.java
	modified:   ../../compile/DrillJavaFileObject.java
	modified:   ../../compile/JDKClassCompiler.java
	modified:   ../../compile/JaninoClassCompiler.java
	modified:   ../../compile/MergeAdapter.java
	modified:   ../../compile/QueryClassLoader.java
	modified:   ../../compile/TemplateClassDefinition.java
	modified:   ../../compile/sig/CodeGeneratorMethod.java
	modified:   ../../compile/sig/GeneratorMapping.java
	modified:   ../../compile/sig/SignatureHolder.java
	modified:   ../../coord/zk/ZKClusterCoordinator.java
	modified:   ../../coord/zk/ZkEphemeralStore.java
	modified:   ../../coord/zk/ZookeeperClient.java
	new file:   ../../exception/FunctionNotFoundException.java
	new file:   ../../exception/FunctionValidationException.java
	new file:   ../../exception/JarValidationException.java
	new file:   ../../exception/VersionMismatchException.java
	new file:   ../../expr/BooleanType.java
	modified:   ../../expr/ClassGenerator.java
	modified:   ../../expr/CodeGenerator.java
	new file:   ../../expr/DebugStringBuilder.java
	modified:   ../../expr/DirectExpression.java
	modified:   ../../expr/EqualityVisitor.java
	modified:   ../../expr/EvaluationVisitor.java
	modified:   ../../expr/ExpressionTreeMaterializer.java
	modified:   ../../expr/SizedJBlock.java
	modified:   ../../expr/annotations/FunctionTemplate.java
	modified:   ../../expr/fn/DrillFuncHolder.java
	modified:   ../../expr/fn/DrillSimpleFuncHolder.java
	modified:   ../../expr/fn/FunctionAttributes.java
	modified:   ../../expr/fn/FunctionConverter.java
	modified:   ../../expr/fn/FunctionGenerationHelper.java
	modified:   ../../expr/fn/FunctionImplementationRegistry.java
	modified:   ../../expr/fn/FunctionInitializer.java
	modified:   ../../expr/fn/impl/ContextFunctions.java
	modified:   ../../expr/fn/impl/DateTypeFunctions.java
	new file:   ../../expr/fn/impl/ParseQueryFunction.java
	new file:   ../../expr/fn/impl/ParseUrlFunction.java
	modified:   ../../expr/fn/impl/SimpleCastFunctions.java
	modified:   ../../expr/fn/impl/StringFunctionHelpers.java
	modified:   ../../expr/fn/impl/StringFunctions.java
	modified:   ../../expr/fn/impl/conv/ConvertFromImpalaTimestamp.java
	modified:   ../../expr/fn/interpreter/InterpreterEvaluator.java
	new file:   ../../expr/fn/registry/FunctionHolder.java
	new file:   ../../expr/fn/registry/FunctionRegistryHolder.java
	new file:   ../../expr/fn/registry/JarScan.java
	renamed:    ../../expr/fn/DrillFunctionRegistry.java -> ../../expr/fn/registry/LocalFunctionRegistry.java
	new file:   ../../expr/fn/registry/RemoteFunctionRegistry.java
	new file:   ../../expr/stat/ParquetFilterPredicate.java
	new file:   ../../expr/stat/ParquetPredicates.java
	new file:   ../../expr/stat/RangeExprEvaluator.java
	new file:   ../../expr/stat/TypedFieldExpr.java
	modified:   ../../ops/ContextInformation.java
	modified:   ../../ops/FragmentContext.java
	modified:   ../../ops/OperatorContext.java
	modified:   ../../ops/OperatorContextImpl.java
	modified:   ../../ops/OperatorMetricRegistry.java
	modified:   ../../ops/OperatorStats.java
	modified:   ../../ops/QueryContext.java
	modified:   ../../ops/UdfUtilities.java
	modified:   ../../physical/PhysicalPlan.java
	modified:   ../../physical/base/AbstractBase.java
	modified:   ../../physical/base/AbstractWriter.java
	modified:   ../../physical/config/ExternalSort.java
	modified:   ../../physical/config/OrderedPartitionSender.java
	modified:   ../../physical/impl/ScanBatch.java
	modified:   ../../physical/impl/TopN/PriorityQueueTemplate.java
	modified:   ../../physical/impl/TopN/TopNBatch.java
	modified:   ../../physical/impl/WriterRecordBatch.java
	modified:   ../../physical/impl/aggregate/HashAggBatch.java
	modified:   ../../physical/impl/aggregate/HashAggTemplate.java
	modified:   ../../physical/impl/aggregate/StreamingAggBatch.java
	modified:   ../../physical/impl/aggregate/StreamingAggTemplate.java
	modified:   ../../physical/impl/common/ChainedHashTable.java
	new file:   ../../physical/impl/common/Comparator.java
	modified:   ../../physical/impl/common/HashTableConfig.java
	modified:   ../../physical/impl/common/HashTableTemplate.java
	modified:   ../../physical/impl/filter/FilterRecordBatch.java
	modified:   ../../physical/impl/filter/FilterTemplate2.java
	modified:   ../../physical/impl/filter/Filterer.java
	modified:   ../../physical/impl/flatten/FlattenRecordBatch.java
	modified:   ../../physical/impl/flatten/FlattenTemplate.java
	modified:   ../../physical/impl/join/HashJoinBatch.java
	modified:   ../../physical/impl/join/JoinUtils.java
	modified:   ../../physical/impl/join/MergeJoinBatch.java
	modified:   ../../physical/impl/join/NestedLoopJoinBatch.java
	modified:   ../../physical/impl/limit/LimitRecordBatch.java
	modified:   ../../physical/impl/mergereceiver/MergingReceiverGeneratorBase.java
	modified:   ../../physical/impl/mergereceiver/MergingReceiverTemplate.java
	modified:   ../../physical/impl/mergereceiver/MergingRecordBatch.java
	modified:   ../../physical/impl/orderedpartitioner/OrderedPartitionProjectorTemplate.java
	modified:   ../../physical/impl/orderedpartitioner/OrderedPartitionRecordBatch.java
	modified:   ../../physical/impl/orderedpartitioner/OrderedPartitionSenderCreator.java
	modified:   ../../physical/impl/partitionsender/PartitionSenderRootExec.java
	modified:   ../../physical/impl/partitionsender/PartitionerTemplate.java
	modified:   ../../physical/impl/project/ProjectRecordBatch.java
	modified:   ../../physical/impl/project/ProjectorTemplate.java
	modified:   ../../physical/impl/sort/SortBatch.java
	new file:   ../../physical/impl/spill/RecordBatchSizer.java
	new file:   ../../physical/impl/spill/SpillSet.java
	new file:   ../../physical/impl/spill/package-info.java
	modified:   ../../physical/impl/svremover/Copier.java
	modified:   ../../physical/impl/svremover/CopierTemplate2.java
	modified:   ../../physical/impl/svremover/CopierTemplate4.java
	modified:   ../../physical/impl/svremover/RemovingRecordBatch.java
	modified:   ../../physical/impl/union/UnionAllRecordBatch.java
	modified:   ../../physical/impl/union/UnionAllerTemplate.java
	modified:   ../../physical/impl/window/NoFrameSupportTemplate.java
	modified:   ../../physical/impl/window/WindowFrameRecordBatch.java
	modified:   ../../physical/impl/window/WindowFramer.java
	modified:   ../../physical/impl/xsort/ExternalSortBatch.java
	modified:   ../../physical/impl/xsort/ExternalSortBatchCreator.java
	modified:   ../../physical/impl/xsort/MSortTemplate.java
	modified:   ../../physical/impl/xsort/SingleBatchSorter.java
	modified:   ../../physical/impl/xsort/SingleBatchSorterTemplate.java
	new file:   ../../physical/impl/xsort/managed/BatchGroup.java
	new file:   ../../physical/impl/xsort/managed/CopierHolder.java
	new file:   ../../physical/impl/xsort/managed/ExternalSortBatch.java
	new file:   ../../physical/impl/xsort/managed/MSortTemplate.java
	new file:   ../../physical/impl/xsort/managed/MSorter.java
	new file:   ../../physical/impl/xsort/managed/MergeSort.java
	new file:   ../../physical/impl/xsort/managed/OperatorCodeGenerator.java
	new file:   ../../physical/impl/xsort/managed/PriorityQueueCopier.java
	new file:   ../../physical/impl/xsort/managed/PriorityQueueCopierTemplate.java
	modified:   ../../planner/AbstractPartitionDescriptor.java
	modified:   ../../planner/FileSystemPartitionDescriptor.java
	modified:   ../../planner/ParquetPartitionDescriptor.java
	modified:   ../../planner/PartitionDescriptor.java
	modified:   ../../planner/PlannerPhase.java
	modified:   ../../planner/common/DrillJoinRelBase.java
	modified:   ../../planner/fragment/SimpleParallelizer.java
	modified:   ../../planner/fragment/contrib/SplittingParallelizer.java
	modified:   ../../planner/logical/DrillFilterJoinRules.java
	modified:   ../../planner/logical/DrillJoinRel.java
	modified:   ../../planner/logical/DrillJoinRule.java
	modified:   ../../planner/logical/DrillMergeProjectRule.java
	modified:   ../../planner/logical/DrillReduceAggregatesRule.java
	modified:   ../../planner/logical/DrillTable.java
	modified:   ../../planner/logical/FileSystemCreateTableEntry.java
	modified:   ../../planner/logical/partition/FindPartitionConditions.java
	modified:   ../../planner/logical/partition/PruneScanRule.java
	modified:   ../../planner/physical/HashJoinPrel.java
	modified:   ../../planner/physical/JoinPrel.java
	modified:   ../../planner/physical/JoinPruleBase.java
	modified:   ../../planner/physical/MergeJoinPrel.java
	modified:   ../../planner/physical/NestedLoopJoinPrel.java
	modified:   ../../planner/physical/NestedLoopJoinPrule.java
	modified:   ../../planner/physical/PlannerSettings.java
	modified:   ../../planner/physical/UnionAllPrule.java
	modified:   ../../planner/physical/visitor/InsertLocalExchangeVisitor.java
	modified:   ../../planner/sql/DrillAvgVarianceConvertlet.java
	modified:   ../../planner/sql/DrillOperatorTable.java
	modified:   ../../planner/sql/DrillSqlOperator.java
	modified:   ../../planner/sql/DrillSqlOperatorWithoutInference.java
	modified:   ../../planner/sql/DrillSqlWorker.java
	modified:   ../../planner/sql/SchemaUtilites.java
	modified:   ../../planner/sql/SqlConverter.java
	new file:   ../../planner/sql/handlers/CreateFunctionHandler.java
	modified:   ../../planner/sql/handlers/CreateTableHandler.java
	modified:   ../../planner/sql/handlers/DefaultSqlHandler.java
	new file:   ../../planner/sql/handlers/DropFunctionHandler.java
	modified:   ../../planner/sql/handlers/DropTableHandler.java
	modified:   ../../planner/sql/handlers/RefreshMetadataHandler.java
	modified:   ../../planner/sql/handlers/SqlHandlerUtil.java
	modified:   ../../planner/sql/handlers/ViewHandler.java
	modified:   ../../planner/sql/parser/CompoundIdentifierConverter.java
	new file:   ../../planner/sql/parser/SqlCreateFunction.java
	modified:   ../../planner/sql/parser/SqlCreateTable.java
	new file:   ../../planner/sql/parser/SqlDropFunction.java
	modified:   ../../record/AbstractRecordBatch.java
	modified:   ../../rpc/data/DataConnectionCreator.java
	modified:   ../../rpc/user/InboundImpersonationManager.java
	modified:   ../../rpc/user/UserClient.java
	new file:   ../../rpc/user/UserRpcUtils.java
	modified:   ../../rpc/user/UserServer.java
	modified:   ../../rpc/user/UserSession.java
	modified:   ../../server/BootStrapContext.java
	modified:   ../../server/Drillbit.java
	modified:   ../../server/DrillbitContext.java
	modified:   ../../server/options/OptionValidator.java
	modified:   ../../server/options/OptionValue.java
	modified:   ../../server/options/SystemOptionManager.java
	modified:   ../../server/options/TypeValidators.java
	modified:   ../../server/rest/DrillRoot.java
	modified:   ../../server/rest/profile/FragmentWrapper.java
	modified:   ../../server/rest/profile/OperatorWrapper.java
	modified:   ../../server/rest/profile/ProfileResources.java
	modified:   ../../server/rest/profile/ProfileWrapper.java
	new file:   ../../server/rest/profile/SimpleDurationFormat.java
	modified:   ../../server/rest/profile/TableBuilder.java
	modified:   ../../service/ServiceEngine.java
	modified:   ../AbstractRecordReader.java
	modified:   ../AbstractSchema.java
	modified:   ../ImplicitColumnExplorer.java
	deleted:    ../NewValueFunction.java
	modified:   ../SchemaTreeProvider.java
	modified:   ../StoragePlugin.java
	modified:   ../StoragePluginRegistry.java
	modified:   ../StoragePluginRegistryImpl.java
	new file:   ../StorageStrategy.java
	modified:   ../SubSchemaWrapper.java
	modified:   ../bson/BsonRecordReader.java
	modified:   ../dfs/FileSelection.java
	modified:   ../dfs/FileSystemSchemaFactory.java
	new file:   ../dfs/MetadataContext.java
	modified:   ../dfs/WorkspaceSchemaFactory.java
	modified:   ../dfs/easy/EasyFormatPlugin.java
	modified:   ../dfs/easy/EasyWriter.java
	modified:   ../easy/json/JSONFormatPlugin.java
	modified:   ../easy/json/JSONRecordReader.java
	modified:   ../easy/json/JsonProcessor.java
	modified:   ../easy/json/JsonRecordWriter.java
	modified:   ../easy/json/reader/BaseJsonProcessor.java
	modified:   ../easy/json/reader/CountingJsonReader.java
	modified:   ../easy/text/TextFormatPlugin.java
	modified:   ../easy/text/compliant/CompliantTextRecordReader.java
	modified:   ../easy/text/compliant/TextInput.java
	modified:   ../easy/text/compliant/TextReader.java
	new file:   ../httpd/HttpdLogFormatPlugin.java
	new file:   ../httpd/HttpdLogRecord.java
	new file:   ../httpd/HttpdParser.java
	new file:   ../httpd/HttpdParserTest.java
	modified:   ../ischema/InfoSchemaDrillTable.java
	modified:   ../ischema/InfoSchemaFilter.java
	modified:   ../ischema/InfoSchemaRecordGenerator.java
	modified:   ../ischema/InfoSchemaTable.java
	modified:   ../ischema/InfoSchemaTableType.java
	modified:   ../ischema/Records.java
	new file:   ../mock/ColumnDef.java
	new file:   ../mock/DateGen.java
	new file:   ../mock/DoubleGen.java
	new file:   ../mock/ExtendedMockRecordReader.java
	new file:   ../mock/FieldGen.java
	new file:   ../mock/IntGen.java
	modified:   ../mock/MockGroupScanPOP.java
	modified:   ../mock/MockRecordReader.java
	modified:   ../mock/MockScanBatchCreator.java
	modified:   ../mock/MockStorageEngine.java
	modified:   ../mock/MockStorageEngineConfig.java
	modified:   ../mock/MockStorePOP.java
	modified:   ../mock/MockSubScanPOP.java
	new file:   ../mock/MoneyGen.java
	new file:   ../mock/StringGen.java
	new file:   ../mock/package-info.java
	modified:   ../parquet/Metadata.java
	new file:   ../parquet/ParquetFilterBuilder.java
	modified:   ../parquet/ParquetFormatConfig.java
	modified:   ../parquet/ParquetFormatPlugin.java
	modified:   ../parquet/ParquetGroupScan.java
	new file:   ../parquet/ParquetPushDownFilter.java
	new file:   ../parquet/ParquetRGFilterEvaluator.java
	modified:   ../parquet/ParquetReaderStats.java
	modified:   ../parquet/ParquetReaderUtility.java
	modified:   ../parquet/ParquetRecordWriter.java
	modified:   ../parquet/ParquetRowGroupScan.java
	modified:   ../parquet/ParquetScanBatchCreator.java
	modified:   ../parquet/ParquetWriter.java
	modified:   ../parquet/RowGroupReadEntry.java
	new file:   ../parquet/columnreaders/AsyncPageReader.java
	modified:   ../parquet/columnreaders/ColumnReader.java
	modified:   ../parquet/columnreaders/ColumnReaderFactory.java
	modified:   ../parquet/columnreaders/FixedByteAlignedReader.java
	modified:   ../parquet/columnreaders/NullableFixedByteAlignedReaders.java
	modified:   ../parquet/columnreaders/NullableVarLengthValuesColumn.java
	modified:   ../parquet/columnreaders/PageReader.java
	modified:   ../parquet/columnreaders/ParquetFixedWidthDictionaryReaders.java
	modified:   ../parquet/columnreaders/ParquetRecordReader.java
	modified:   ../parquet/columnreaders/VarLenBinaryReader.java
	new file:   ../parquet/stat/ColumnStatCollector.java
	new file:   ../parquet/stat/ColumnStatistics.java
	new file:   ../parquet/stat/ParquetFooterStatCollector.java
	new file:   ../parquet/stat/ParquetMetaStatCollector.java
	modified:   DrillParquetReader.java
	modified:   DrillParquetRecordMaterializer.java
	modified:   ../schedule/AssignmentCreator.java
	modified:   ../sys/BasePersistentStore.java
	modified:   ../sys/DrillbitIterator.java
	modified:   ../sys/PersistentStore.java
	modified:   ../sys/PersistentStoreConfig.java
	modified:   ../sys/StaticDrillTable.java
	modified:   ../sys/SystemTablePlugin.java
	new file:   ../sys/store/DataChangeVersion.java
	modified:   ../sys/store/LocalPersistentStore.java
	modified:   ../sys/store/ZookeeperPersistentStore.java
	modified:   ../sys/store/provider/CachingPersistentStoreProvider.java
	modified:   ../sys/store/provider/LocalPersistentStoreProvider.java
	modified:   ../text/DrillTextRecordWriter.java
	modified:   ../../testing/store/NoWriteLocalStore.java
	modified:   ../../util/ImpersonationUtil.java
	new file:   ../../util/JarUtil.java
	modified:   ../../util/MemoryAllocationUtilities.java
	modified:   ../../util/Utilities.java
	new file:   ../../util/filereader/BufferedDirectBufInputStream.java
	new file:   ../../util/filereader/DirectBufInputStream.java
	modified:   ../../vector/complex/fn/JsonReader.java
	modified:   ../../work/WorkManager.java
	modified:   ../../work/foreman/Foreman.java
	modified:   ../../work/foreman/QueryManager.java
	modified:   ../../work/metadata/MetadataProvider.java
	modified:   ../../work/prepare/PreparedStatementProvider.java
	modified:   ../../../../../../../resources/bootstrap-storage-plugins.json
	modified:   ../../../../../../../resources/drill-module.conf
	modified:   ../../../../../../../resources/rest/index.ftl
	modified:   ../../../../../../../resources/rest/profile/list.ftl
	modified:   ../../../../../../../resources/rest/profile/profile.ftl
	modified:   ../../../../../../../../test/java/org/apache/drill/BaseTestQuery.java
	modified:   ../../../../../../../../test/java/org/apache/drill/DrillTestWrapper.java
	modified:   ../../../../../../../../test/java/org/apache/drill/QueryTestUtil.java
	modified:   ../../../../../../../../test/java/org/apache/drill/TestBugFixes.java
	modified:   ../../../../../../../../test/java/org/apache/drill/TestBuilder.java
	modified:   ../../../../../../../../test/java/org/apache/drill/TestDropTable.java
	new file:   ../../../../../../../../test/java/org/apache/drill/TestDynamicUDFSupport.java
	modified:   ../../../../../../../../test/java/org/apache/drill/TestFunctionsQuery.java
	modified:   ../../../../../../../../test/java/org/apache/drill/TestJoinNullable.java
	modified:   ../../../../../../../../test/java/org/apache/drill/TestPartitionFilter.java
	modified:   ../../../../../../../../test/java/org/apache/drill/TestUnionAll.java
	modified:   ../../../../../../../../test/java/org/apache/drill/TestUnionDistinct.java
	modified:   ../../../../../../../../test/java/org/apache/drill/exec/ExecTest.java
	modified:   ../../../../../../../../test/java/org/apache/drill/exec/TestOpSerialization.java
	new file:   ../../../../../../../../test/java/org/apache/drill/exec/client/ConnectTriesPropertyTestClusterBits.java
	modified:   ../../../../../../../../test/java/org/apache/drill/exec/client/DrillClientSystemTest.java
	new file:   ../../../../../../../../test/java/org/apache/drill/exec/client/DrillClientTest.java
	modified:   ../../../../../../../../test/java/org/apache/drill/exec/compile/ExampleInner.java
	modified:   ../../../../../../../../test/java/org/apache/drill/exec/compile/ExampleTemplateWithInner.java
	modified:   ../../../../../../../../test/java/org/apache/drill/exec/compile/TestClassTransformation.java
	modified:   ../../../../../../../../test/java/org/apache/drill/exec/compile/TestLargeFileCompilation.java
	modified:   ../../../../../../../../test/java/org/apache/drill/exec/coord/zk/TestZookeeperClient.java
	modified:   ../../../../../../../../test/java/org/apache/drill/exec/expr/ExpressionTest.java
	new file:   ../../../../../../../../test/java/org/apache/drill/exec/expr/fn/registry/FunctionRegistryHolderTest.java
	modified:   ../../../../../../../../test/java/org/apache/drill/exec/fn/impl/TestAggregateFunctions.java
	modified:   ../../../../../../../../test/java/org/apache/drill/exec/fn/impl/TestContextFunctions.java
	new file:   ../../../../../../../../test/java/org/apache/drill/exec/fn/impl/testing/TestDateConversions.java
	modified:   ../../../../../../../../test/java/org/apache/drill/exec/fn/interp/ExpressionInterpreterTest.java
	modified:   ../../../../../../../../test/java/org/apache/drill/exec/physical/impl/TestConvertFunctions.java
	modified:   ../../../../../../../../test/java/org/apache/drill/exec/physical/impl/TestLocalExchange.java
	modified:   ../../../../../../../../test/java/org/apache/drill/exec/physical/impl/TestSimpleFunctions.java
	modified:   ../../../../../../../../test/java/org/apache/drill/exec/physical/impl/agg/TestHashAggr.java
	modified:   ../../../../../../../../test/java/org/apache/drill/exec/physical/impl/flatten/TestFlatten.java
	modified:   ../../../../../../../../test/java/org/apache/drill/exec/physical/impl/join/TestNestedLoopJoin.java
	modified:   ../../../../../../../../test/java/org/apache/drill/exec/physical/impl/mergereceiver/TestMergingReceiver.java
	modified:   ../../../../../../../../test/java/org/apache/drill/exec/physical/impl/partitionsender/TestPartitionSender.java
	modified:   ../../../../../../../../test/java/org/apache/drill/exec/physical/impl/union/TestSimpleUnion.java
	new file:   ../../../../../../../../test/java/org/apache/drill/exec/physical/impl/writer/TestCorruptParquetDateCorrection.java
	modified:   ../../../../../../../../test/java/org/apache/drill/exec/physical/impl/writer/TestParquetWriter.java
	modified:   ../../../../../../../../test/java/org/apache/drill/exec/physical/impl/xsort/TestExternalSort.java
	modified:   ../../../../../../../../test/java/org/apache/drill/exec/physical/impl/xsort/TestSimpleExternalSort.java
	modified:   ../../../../../../../../test/java/org/apache/drill/exec/physical/unit/PhysicalOpUnitTestBase.java
	new file:   ../../../../../../../../test/java/org/apache/drill/exec/planner/logical/TestCaseNullableTypes.java
	modified:   ../../../../../../../../test/java/org/apache/drill/exec/pop/PopUnitTestBase.java
	modified:   ../../../../../../../../test/java/org/apache/drill/exec/pop/TestFragmentChecker.java
	modified:   ../../../../../../../../test/java/org/apache/drill/exec/record/ExpressionTreeMaterializerTest.java
	new file:   ../../../../../../../../test/java/org/apache/drill/exec/rpc/user/TemporaryTablesAutomaticDropTest.java
	new file:   ../../../../../../../../test/java/org/apache/drill/exec/server/TestDurationFormat.java
	modified:   ../../../../../../../../test/java/org/apache/drill/exec/sql/TestBaseViewSupport.java
	modified:   ../../../../../../../../test/java/org/apache/drill/exec/sql/TestCTAS.java
	new file:   ../../../../../../../../test/java/org/apache/drill/exec/sql/TestCTTAS.java
	modified:   ../../../../../../../../test/java/org/apache/drill/exec/sql/TestSimpleCastFunctions.java
	new file:   ../../../../../../../../test/java/org/apache/drill/exec/store/StorageStrategyTest.java
	modified:   ../../../../../../../../test/java/org/apache/drill/exec/store/TestImplicitFileColumns.java
	modified:   ../../../../../../../../test/java/org/apache/drill/exec/store/bson/TestBsonRecordReader.java
	modified:   ../../../../../../../../test/java/org/apache/drill/exec/store/dfs/TestFormatPluginOptionExtractor.java
	modified:   ../../../../../../../../test/java/org/apache/drill/exec/store/json/TestJsonRecordReader.java
	modified:   ../../../../../../../../test/java/org/apache/drill/exec/store/parquet/ParquetRecordReaderTest.java
	modified:   ../../../../../../../../test/java/org/apache/drill/exec/store/parquet/TestFileGenerator.java
	new file:   ../../../../../../../../test/java/org/apache/drill/exec/store/parquet/TestParquetFilterPushDown.java
	modified:   ../../../../../../../../test/java/org/apache/drill/exec/store/parquet/TestParquetMetadataCache.java
	modified:   ../../../../../../../../test/java/org/apache/drill/exec/store/parquet2/TestDrillParquetReader.java
	modified:   ../../../../../../../../test/java/org/apache/drill/exec/store/store/TestAssignment.java
	modified:   ../../../../../../../../test/java/org/apache/drill/exec/store/text/TestCsvHeader.java
	modified:   ../../../../../../../../test/java/org/apache/drill/exec/store/text/TestNewTextReader.java
	modified:   ../../../../../../../../test/java/org/apache/drill/exec/store/text/TestTextColumn.java
	modified:   ../../../../../../../../test/java/org/apache/drill/exec/vector/complex/writer/TestJsonReader.java
	modified:   ../../../../../../../../test/java/org/apache/drill/exec/work/metadata/TestMetadataProvider.java
	modified:   ../../../../../../../../test/java/org/apache/drill/exec/work/prepare/TestPreparedStatementProvider.java
	new file:   ../../../../../../../../test/java/org/apache/drill/test/BufferingQueryEventListener.java
	new file:   ../../../../../../../../test/java/org/apache/drill/test/ClientFixture.java
	new file:   ../../../../../../../../test/java/org/apache/drill/test/ClusterFixture.java
	new file:   ../../../../../../../../test/java/org/apache/drill/test/ClusterTest.java
	new file:   ../../../../../../../../test/java/org/apache/drill/test/FieldDef.java
	new file:   ../../../../../../../../test/java/org/apache/drill/test/FixtureBuilder.java
	new file:   ../../../../../../../../test/java/org/apache/drill/test/LogFixture.java
	new file:   ../../../../../../../../test/java/org/apache/drill/test/ProfileParser.java
	new file:   ../../../../../../../../test/java/org/apache/drill/test/QueryBuilder.java
	new file:   ../../../../../../../../test/java/org/apache/drill/test/package-info.java
	modified:   ../../../../../../../../test/resources/bootstrap-storage-plugins.json
	new file:   ../../../../../../../../test/resources/bugs/DRILL-4884/limit_test_parquet/test0_0_0.parquet
	new file:   ../../../../../../../../test/resources/functions/conv/conv.json
	new file:   ../../../../../../../../test/resources/jars/DrillUDF-1.0-sources.jar
	new file:   ../../../../../../../../test/resources/jars/DrillUDF-1.0.jar
	new file:   ../../../../../../../../test/resources/jars/DrillUDF-2.0-sources.jar
	new file:   ../../../../../../../../test/resources/jars/DrillUDF-2.0.jar
	new file:   ../../../../../../../../test/resources/jars/DrillUDF_Copy-1.0-sources.jar
	new file:   ../../../../../../../../test/resources/jars/DrillUDF_Copy-1.0.jar
	new file:   ../../../../../../../../test/resources/jars/DrillUDF_DupFunc-1.0-sources.jar
	new file:   ../../../../../../../../test/resources/jars/DrillUDF_DupFunc-1.0.jar
	new file:   ../../../../../../../../test/resources/jars/DrillUDF_Empty-1.0-sources.jar
	new file:   ../../../../../../../../test/resources/jars/DrillUDF_Empty-1.0.jar
	new file:   ../../../../../../../../test/resources/jars/DrillUDF_NoMarkerFile-1.0-sources.jar
	new file:   ../../../../../../../../test/resources/jars/DrillUDF_NoMarkerFile-1.0.jar
	new file:   ../../../../../../../../test/resources/jars/v2/DrillUDF-1.0-sources.jar
	new file:   ../../../../../../../../test/resources/jars/v2/DrillUDF-1.0.jar
	new file:   ../../../../../../../../test/resources/jsoninput/drill4653/file.json
	new file:   ../../../../../../../../test/resources/jsoninput/nullEqualJoin1.json
	new file:   ../../../../../../../../test/resources/jsoninput/nullEqualJoin2.json
	new file:   ../../../../../../../../test/resources/parquet/4203_corrupt_dates/1_9_0_partitioned_no_corruption/0_0_1.parquet
	new file:   ../../../../../../../../test/resources/parquet/4203_corrupt_dates/1_9_0_partitioned_no_corruption/0_0_2.parquet
	new file:   ../../../../../../../../test/resources/parquet/4203_corrupt_dates/1_9_0_partitioned_no_corruption/0_0_3.parquet
	new file:   ../../../../../../../../test/resources/parquet/4203_corrupt_dates/1_9_0_partitioned_no_corruption/0_0_4.parquet
	new file:   ../../../../../../../../test/resources/parquet/4203_corrupt_dates/1_9_0_partitioned_no_corruption/0_0_5.parquet
	new file:   ../../../../../../../../test/resources/parquet/4203_corrupt_dates/1_9_0_partitioned_no_corruption/0_0_6.parquet
	new file:   ../../../../../../../../test/resources/parquet/4203_corrupt_dates/correct_dates_and_old_drill_parquet_writer.parquet
	new file:   ../../../../../../../../test/resources/parquet/4203_corrupt_dates/drill.parquet.metadata_1_2.requires_replace.txt
	new file:   ../../../../../../../../test/resources/parquet/4203_corrupt_dates/fewtypes_datepartition/0_0_1.parquet
	new file:   ../../../../../../../../test/resources/parquet/4203_corrupt_dates/fewtypes_datepartition/0_0_10.parquet
	new file:   ../../../../../../../../test/resources/parquet/4203_corrupt_dates/fewtypes_datepartition/0_0_11.parquet
	new file:   ../../../../../../../../test/resources/parquet/4203_corrupt_dates/fewtypes_datepartition/0_0_12.parquet
	new file:   ../../../../../../../../test/resources/parquet/4203_corrupt_dates/fewtypes_datepartition/0_0_13.parquet
	new file:   ../../../../../../../../test/resources/parquet/4203_corrupt_dates/fewtypes_datepartition/0_0_14.parquet
	new file:   ../../../../../../../../test/resources/parquet/4203_corrupt_dates/fewtypes_datepartition/0_0_15.parquet
	new file:   ../../../../../../../../test/resources/parquet/4203_corrupt_dates/fewtypes_datepartition/0_0_16.parquet
	new file:   ../../../../../../../../test/resources/parquet/4203_corrupt_dates/fewtypes_datepartition/0_0_17.parquet
	new file:   ../../../../../../../../test/resources/parquet/4203_corrupt_dates/fewtypes_datepartition/0_0_18.parquet
	new file:   ../../../../../../../../test/resources/parquet/4203_corrupt_dates/fewtypes_datepartition/0_0_19.parquet
	new file:   ../../../../../../../../test/resources/parquet/4203_corrupt_dates/fewtypes_datepartition/0_0_2.parquet
	new file:   ../../../../../../../../test/resources/parquet/4203_corrupt_dates/fewtypes_datepartition/0_0_20.parquet
	new file:   ../../../../../../../../test/resources/parquet/4203_corrupt_dates/fewtypes_datepartition/0_0_21.parquet
	new file:   ../../../../../../../../test/resources/parquet/4203_corrupt_dates/fewtypes_datepartition/0_0_3.parquet
	new file:   ../../../../../../../../test/resources/parquet/4203_corrupt_dates/fewtypes_datepartition/0_0_4.parquet
	new file:   ../../../../../../../../test/resources/parquet/4203_corrupt_dates/fewtypes_datepartition/0_0_5.parquet
	new file:   ../../../../../../../../test/resources/parquet/4203_corrupt_dates/fewtypes_datepartition/0_0_6.parquet
	new file:   ../../../../../../../../test/resources/parquet/4203_corrupt_dates/fewtypes_datepartition/0_0_7.parquet
	new file:   ../../../../../../../../test/resources/parquet/4203_corrupt_dates/fewtypes_datepartition/0_0_8.parquet
	new file:   ../../../../../../../../test/resources/parquet/4203_corrupt_dates/fewtypes_datepartition/0_0_9.parquet
	new file:   ../../../../../../../../test/resources/parquet/4203_corrupt_dates/fewtypes_varcharpartition/0_0_1.parquet
	new file:   ../../../../../../../../test/resources/parquet/4203_corrupt_dates/fewtypes_varcharpartition/0_0_10.parquet
	new file:   ../../../../../../../../test/resources/parquet/4203_corrupt_dates/fewtypes_varcharpartition/0_0_11.parquet
	new file:   ../../../../../../../../test/resources/parquet/4203_corrupt_dates/fewtypes_varcharpartition/0_0_12.parquet
	new file:   ../../../../../../../../test/resources/parquet/4203_corrupt_dates/fewtypes_varcharpartition/0_0_13.parquet
	new file:   ../../../../../../../../test/resources/parquet/4203_corrupt_dates/fewtypes_varcharpartition/0_0_14.parquet
	new file:   ../../../../../../../../test/resources/parquet/4203_corrupt_dates/fewtypes_varcharpartition/0_0_15.parquet
	new file:   ../../../../../../../../test/resources/parquet/4203_corrupt_dates/fewtypes_varcharpartition/0_0_16.parquet
	new file:   ../../../../../../../../test/resources/parquet/4203_corrupt_dates/fewtypes_varcharpartition/0_0_17.parquet
	new file:   ../../../../../../../../test/resources/parquet/4203_corrupt_dates/fewtypes_varcharpartition/0_0_18.parquet
	new file:   ../../../../../../../../test/resources/parquet/4203_corrupt_dates/fewtypes_varcharpartition/0_0_19.parquet
	new file:   ../../../../../../../../test/resources/parquet/4203_corrupt_dates/fewtypes_varcharpartition/0_0_2.parquet
	new file:   ../../../../../../../../test/resources/parquet/4203_corrupt_dates/fewtypes_varcharpartition/0_0_20.parquet
	new file:   ../../../../../../../../test/resources/parquet/4203_corrupt_dates/fewtypes_varcharpartition/0_0_21.parquet
	new file:   ../../../../../../../../test/resources/parquet/4203_corrupt_dates/fewtypes_varcharpartition/0_0_3.parquet
	new file:   ../../../../../../../../test/resources/parquet/4203_corrupt_dates/fewtypes_varcharpartition/0_0_4.parquet
	new file:   ../../../../../../../../test/resources/parquet/4203_corrupt_dates/fewtypes_varcharpartition/0_0_5.parquet
	new file:   ../../../../../../../../test/resources/parquet/4203_corrupt_dates/fewtypes_varcharpartition/0_0_6.parquet
	new file:   ../../../../../../../../test/resources/parquet/4203_corrupt_dates/fewtypes_varcharpartition/0_0_7.parquet
	new file:   ../../../../../../../../test/resources/parquet/4203_corrupt_dates/fewtypes_varcharpartition/0_0_8.parquet
	new file:   ../../../../../../../../test/resources/parquet/4203_corrupt_dates/fewtypes_varcharpartition/0_0_9.parquet
	new file:   ../../../../../../../../test/resources/parquet/4203_corrupt_dates/hive1dot2_fewtypes_null/000000_0
	new file:   ../../../../../../../../test/resources/parquet/4203_corrupt_dates/mixed_drill_versions/4203_corrected_dates.parquet
	new file:   ../../../../../../../../test/resources/parquet/4203_corrupt_dates/mixed_drill_versions/4203_corrupt_dates.parquet
	new file:   ../../../../../../../../test/resources/parquet/4203_corrupt_dates/mixed_drill_versions/4203_corrupted_dates_1.4.parquet
	new file:   ../../../../../../../../test/resources/parquet/4203_corrupt_dates/mixed_drill_versions/drill_0_6_currupt_dates_no_stats.parquet
	new file:   ../../../../../../../../test/resources/parquet/4203_corrupt_dates/mixed_version_partitioned_metadata.requires_replace.txt
	new file:   ../../../../../../../../test/resources/parquet/4203_corrupt_dates/null_date_cols_with_corruption_4203.parquet
	new file:   ../../../../../../../../test/resources/parquet/4203_corrupt_dates/partitioned_with_corruption_4203/0_0_1.parquet
	new file:   ../../../../../../../../test/resources/parquet/4203_corrupt_dates/partitioned_with_corruption_4203/0_0_2.parquet
	new file:   ../../../../../../../../test/resources/parquet/4203_corrupt_dates/partitioned_with_corruption_4203/0_0_3.parquet
	new file:   ../../../../../../../../test/resources/parquet/4203_corrupt_dates/partitioned_with_corruption_4203/0_0_4.parquet
	new file:   ../../../../../../../../test/resources/parquet/4203_corrupt_dates/partitioned_with_corruption_4203/0_0_5.parquet
	new file:   ../../../../../../../../test/resources/parquet/4203_corrupt_dates/partitioned_with_corruption_4203/0_0_6.parquet
	new file:   ../../../../../../../../test/resources/parquet/4203_corrupt_dates/partitioned_with_corruption_4203_1_2/0_0_1.parquet
	new file:   ../../../../../../../../test/resources/parquet/4203_corrupt_dates/partitioned_with_corruption_4203_1_2/0_0_2.parquet
	new file:   ../../../../../../../../test/resources/parquet/4203_corrupt_dates/partitioned_with_corruption_4203_1_2/0_0_3.parquet
	new file:   ../../../../../../../../test/resources/parquet/4203_corrupt_dates/partitioned_with_corruption_4203_1_2/0_0_4.parquet
	new file:   ../../../../../../../../test/resources/parquet/4203_corrupt_dates/partitioned_with_corruption_4203_1_2/0_0_5.parquet
	new file:   ../../../../../../../../test/resources/parquet/4203_corrupt_dates/partitioned_with_corruption_4203_1_2/0_0_6.parquet
	new file:   ../../../../../../../../test/resources/parquet/alltypes_optional.parquet
	modified:   ../../../../../../../../test/resources/parquet/alltypes_required.parquet
	new file:   ../../../../../../../../test/resources/parquet/data.snappy.parquet
	new file:   ../../../../../../../../test/resources/parquet/int96_dict_change/000000_0
	new file:   ../../../../../../../../test/resources/parquet/int96_dict_change/000000_1
	new file:   ../../../../../../../../test/resources/parquet/uint_types.parquet
	new file:   ../../../../../../../../test/resources/parquetFilterPush/dateTbl1_9/t1/0_0_0.parquet
	new file:   ../../../../../../../../test/resources/parquetFilterPush/dateTblCorrupted/t1/0_0_0.parquet
	new file:   ../../../../../../../../test/resources/parquetFilterPush/dateTblCorrupted/t2/0_0_0.parquet
	new file:   ../../../../../../../../test/resources/parquetFilterPush/dateTblCorrupted/t3/0_0_0.parquet
	new file:   ../../../../../../../../test/resources/parquetFilterPush/intTbl/intAllNull.parquet
	new file:   ../../../../../../../../test/resources/parquetFilterPush/intTbl/intTbl.parquet
	new file:   ../../../../../../../../test/resources/parquetFilterPush/tsTbl/t1/0_0_0.parquet
	new file:   ../../../../../../../../test/resources/parquetFilterPush/tsTbl/t2/0_0_0.parquet
	new file:   ../../../../../../../../test/resources/parquetFilterPush/tsTbl/t3/0_0_0.parquet
	new file:   ../../../../../../../../test/resources/store/httpd/dfs-bootstrap.httpd
	new file:   ../../../../../../../../test/resources/store/httpd/dfs-test-bootstrap-test.httpd
	new file:   ../../../../../../../../test/resources/store/httpd/example1.httpd
	new file:   ../../../../../../../../test/resources/store/text/WithQuotedCrLf.tbl
	new file:   ../../../../../../../../test/resources/supplier_snappy.parquet
	new file:   ../../../../../../../../test/resources/testframework/testParquetReader/testInt96DictChange/q1.tsv
	modified:   ../../../../../../../../test/resources/xsort/one_key_sort_descending.json
	modified:   ../../../../../../../../../../jdbc-all/pom.xml
	modified:   ../../../../../../../../../../jdbc-all/src/test/java/org/apache/drill/jdbc/ITTestShadedJar.java
	modified:   ../../../../../../../../../../jdbc/pom.xml
	modified:   ../../../../../../../../../../jdbc/src/main/java/org/apache/drill/jdbc/DrillConnectionConfig.java
	modified:   ../../../../../../../../../../jdbc/src/main/java/org/apache/drill/jdbc/impl/AvaticaDrillSqlAccessor.java
	modified:   ../../../../../../../../../../jdbc/src/main/java/org/apache/drill/jdbc/impl/DrillAccessorList.java
	modified:   ../../../../../../../../../../jdbc/src/main/java/org/apache/drill/jdbc/impl/DrillColumnMetaDataList.java
	modified:   ../../../../../../../../../../jdbc/src/main/java/org/apache/drill/jdbc/impl/DrillConnectionImpl.java
	modified:   ../../../../../../../../../../jdbc/src/main/java/org/apache/drill/jdbc/impl/DrillCursor.java
	modified:   ../../../../../../../../../../jdbc/src/main/java/org/apache/drill/jdbc/impl/DrillDatabaseMetaDataImpl.java
	modified:   ../../../../../../../../../../jdbc/src/main/java/org/apache/drill/jdbc/impl/DrillFactory.java
	modified:   ../../../../../../../../../../jdbc/src/main/java/org/apache/drill/jdbc/impl/DrillHandler.java
	modified:   ../../../../../../../../../../jdbc/src/main/java/org/apache/drill/jdbc/impl/DrillJdbc41Factory.java
	renamed:    ../../../../../../../../../../jdbc/src/main/java/org/apache/drill/jdbc/impl/MetaImpl.java -> ../../../../../../../../../../jdbc/src/main/java/org/apache/drill/jdbc/impl/DrillMetaImpl.java
	deleted:    ../../../../../../../../../../jdbc/src/main/java/org/apache/drill/jdbc/impl/DrillPrepareResult.java
	modified:   ../../../../../../../../../../jdbc/src/main/java/org/apache/drill/jdbc/impl/DrillPreparedStatementImpl.java
	modified:   ../../../../../../../../../../jdbc/src/main/java/org/apache/drill/jdbc/impl/DrillResultSetImpl.java
	modified:   ../../../../../../../../../../jdbc/src/main/java/org/apache/drill/jdbc/impl/DrillResultSetMetaDataImpl.java
	modified:   ../../../../../../../../../../jdbc/src/main/java/org/apache/drill/jdbc/impl/DrillStatementImpl.java
	modified:   ../../../../../../../../../../jdbc/src/main/java/org/apache/drill/jdbc/impl/DriverImpl.java
	modified:   ../../../../../../../../../../jdbc/src/main/java/org/apache/drill/jdbc/proxy/ProxiesManager.java
	new file:   ../../../../../../../../../../jdbc/src/main/resources/META-INF/services/java.sql.Driver
	new file:   ../../../../../../../../../../jdbc/src/main/resources/apache-drill-jdbc.properties
	modified:   ../../../../../../../../../../jdbc/src/test/java/org/apache/drill/jdbc/DrillColumnMetaDataListTest.java
	modified:   ../../../../../../../../../../jdbc/src/test/java/org/apache/drill/jdbc/DriverTest.java
	modified:   ../../../../../../../../../../jdbc/src/test/java/org/apache/drill/jdbc/JdbcTestBase.java
	modified:   ../../../../../../../../../../jdbc/src/test/java/org/apache/drill/jdbc/PreparedStatementTest.java
	modified:   ../../../../../../../../../../jdbc/src/test/java/org/apache/drill/jdbc/ResultSetMetaDataTest.java
	modified:   ../../../../../../../../../../jdbc/src/test/java/org/apache/drill/jdbc/test/Drill2489CallsAfterCloseThrowExceptionsTest.java
	modified:   ../../../../../../../../../../jdbc/src/test/java/org/apache/drill/jdbc/test/Drill2769UnsupportedReportsUseSqlExceptionTest.java
	modified:   ../../../../../../../../../../jdbc/src/test/java/org/apache/drill/jdbc/test/JdbcAssert.java
	new file:   ../../../../../../../../../../jdbc/src/test/java/org/apache/drill/jdbc/test/JdbcConnectTriesTestEmbeddedBits.java
	modified:   ../../../../../../../../../../jdbc/src/test/java/org/apache/drill/jdbc/test/JdbcDataTest.java
	modified:   ../../../../../../../../../../jdbc/src/test/java/org/apache/drill/jdbc/test/TestExecutionExceptionsToClient.java
	modified:   ../../../../../../../../../../jdbc/src/test/java/org/apache/drill/jdbc/test/TestJdbcMetadata.java
	modified:   ../../../../../../../../../../jdbc/src/test/java/org/apache/drill/jdbc/test/TestJdbcQuery.java
	modified:   ../../../../../../../../../../memory/base/pom.xml
	modified:   ../../../../../../../../../../memory/base/src/main/java/org/apache/drill/exec/memory/BaseAllocator.java
	modified:   ../../../../../../../../../../memory/pom.xml
	modified:   ../../../../../../../../../../pom.xml
	modified:   ../../../../../../../../../../rpc/pom.xml
	modified:   ../../../../../../../../../../rpc/src/main/java/org/apache/drill/exec/rpc/BasicClient.java
	new file:   ../../../../../../../../../../rpc/src/main/java/org/apache/drill/exec/rpc/InvalidConnectionInfoException.java
	modified:   ../../../../../../../../../../rpc/src/main/java/org/apache/drill/exec/rpc/RemoteConnection.java
	modified:   ../../../../../../../../../../rpc/src/main/java/org/apache/drill/exec/rpc/RpcBus.java
	modified:   ../../../../../../../../../../vector/pom.xml
	modified:   ../../../../../../../../../../vector/src/main/codegen/templates/AbstractFieldReader.java
	modified:   ../../../../../../../../../../vector/src/main/codegen/templates/BaseReader.java
	modified:   ../../../../../../../../../../vector/src/main/codegen/templates/BasicTypeHelper.java
	modified:   ../../../../../../../../../../vector/src/main/codegen/templates/ComplexReaders.java
	modified:   ../../../../../../../../../../vector/src/main/codegen/templates/NullReader.java
	modified:   ../../../../../../../../../../vector/src/main/codegen/templates/UnionReader.java
	modified:   ../../../../../../../../../../vector/src/main/codegen/templates/ValueHolders.java
	modified:   ../../../../../../../../../../vector/src/main/java/org/apache/drill/exec/vector/BaseValueVector.java
	modified:   ../../../../../../../../../../vector/src/main/java/org/apache/drill/exec/vector/complex/AbstractContainerVector.java
	modified:   ../../../../../../../../../../vector/src/main/java/org/apache/drill/exec/vector/complex/MapVector.java
	modified:   ../../../../../../../../../../vector/src/main/java/org/apache/drill/exec/vector/complex/RepeatedListVector.java
	modified:   ../../../../../../../../../../vector/src/main/java/org/apache/drill/exec/vector/complex/RepeatedMapVector.java
	modified:   ../../../../../../../../../../../logical/pom.xml
	modified:   ../../../../../../../../../../../logical/src/main/java/org/apache/drill/common/expression/ValueExpressions.java
	modified:   ../../../../../../../../../../../logical/src/main/java/org/apache/drill/common/expression/fn/CastFunctions.java
	new file:   ../../../../../../../../../../../logical/src/main/java/org/apache/drill/common/expression/fn/JodaDateValidator.java
	modified:   ../../../../../../../../../../../logical/src/main/java/org/apache/drill/common/logical/PlanProperties.java
	new file:   ../../../../../../../../../../../logical/src/test/java/org/apache/drill/common/expression/fn/JodaDateValidatorTest.java
	modified:   ../../../../../../../../../../../pom.xml
	modified:   ../../../../../../../../../../../protocol/pom.xml
	modified:   ../../../../../../../../../../../protocol/src/main/java/org/apache/drill/exec/proto/BitControl.java
	modified:   ../../../../../../../../../../../protocol/src/main/java/org/apache/drill/exec/proto/CoordinationProtos.java
	modified:   ../../../../../../../../../../../protocol/src/main/java/org/apache/drill/exec/proto/SchemaBitControl.java
	modified:   ../../../../../../../../../../../protocol/src/main/java/org/apache/drill/exec/proto/SchemaCoordinationProtos.java
	modified:   ../../../../../../../../../../../protocol/src/main/java/org/apache/drill/exec/proto/SchemaUserBitShared.java
	modified:   ../../../../../../../../../../../protocol/src/main/java/org/apache/drill/exec/proto/SchemaUserProtos.java
	modified:   ../../../../../../../../../../../protocol/src/main/java/org/apache/drill/exec/proto/UserBitShared.java
	modified:   ../../../../../../../../../../../protocol/src/main/java/org/apache/drill/exec/proto/UserProtos.java
	modified:   ../../../../../../../../../../../protocol/src/main/java/org/apache/drill/exec/proto/beans/BitToUserHandshake.java
	modified:   ../../../../../../../../../../../protocol/src/main/java/org/apache/drill/exec/proto/beans/ColumnMetadata.java
	modified:   ../../../../../../../../../../../protocol/src/main/java/org/apache/drill/exec/proto/beans/DrillbitEndpoint.java
	modified:   ../../../../../../../../../../../protocol/src/main/java/org/apache/drill/exec/proto/beans/GetColumnsReq.java
	modified:   ../../../../../../../../../../../protocol/src/main/java/org/apache/drill/exec/proto/beans/GetSchemasReq.java
	modified:   ../../../../../../../../../../../protocol/src/main/java/org/apache/drill/exec/proto/beans/GetTablesReq.java
	new file:   ../../../../../../../../../../../protocol/src/main/java/org/apache/drill/exec/proto/beans/Jar.java
	modified:   ../../../../../../../../../../../protocol/src/main/java/org/apache/drill/exec/proto/beans/LikeFilter.java
	modified:   ../../../../../../../../../../../protocol/src/main/java/org/apache/drill/exec/proto/beans/QueryContextInformation.java
	modified:   ../../../../../../../../../../../protocol/src/main/java/org/apache/drill/exec/proto/beans/QueryInfo.java
	modified:   ../../../../../../../../../../../protocol/src/main/java/org/apache/drill/exec/proto/beans/QueryProfile.java
	new file:   ../../../../../../../../../../../protocol/src/main/java/org/apache/drill/exec/proto/beans/Registry.java
	new file:   ../../../../../../../../../../../protocol/src/main/java/org/apache/drill/exec/proto/beans/RpcEndpointInfos.java
	modified:   ../../../../../../../../../../../protocol/src/main/java/org/apache/drill/exec/proto/beans/UserToBitHandshake.java
	modified:   ../../../../../../../../../../../protocol/src/main/protobuf/BitControl.proto
	modified:   ../../../../../../../../../../../protocol/src/main/protobuf/Coordination.proto
	modified:   ../../../../../../../../../../../protocol/src/main/protobuf/User.proto
	modified:   ../../../../../../../../../../../protocol/src/main/protobuf/UserBitShared.proto
	modified:   ../../../../../../../../../../../tools/fmpp/pom.xml
	modified:   ../../../../../../../../../../../tools/fmpp/src/main/java/org/apache/drill/fmpp/mojo/FMPPMojo.java
	new file:   ../../../../../../../../../../../tools/fmpp/src/main/java/org/apache/drill/fmpp/mojo/MavenDataLoader.java
	modified:   ../../../../../../../../../../../tools/pom.xml

Untracked files:
  (use "git add <file>..." to include in what will be committed)

	../../planner/logical/DrillConstExecutor.java.conflict
	../../planner/logical/DrillConstExecutor.java.prev
	../../planner/logical/diff.out
	../parquet/columnreaders/ParquetToDrillTypeConverter.java.conflict
	../parquet/columnreaders/ParquetToDrillTypeConverter.java.prev
	DrillParquetGroupConverter.java.conflict
	DrillParquetGroupConverter.java.prev
	status.out

